Mon Apr  7 15:21:37 UTC 2025
Tue Apr  8 13:35:18 UTC 2025
Wed Apr  9 13:37:18 UTC 2025
Thu Apr 10 13:35:24 UTC 2025
Fri Apr 11 13:18:17 UTC 2025
Sat Apr 12 13:02:27 UTC 2025
Sun Apr 13 13:03:58 UTC 2025
Mon Apr 14 13:36:33 UTC 2025
Tue Apr 15 13:36:27 UTC 2025
Wed Apr 16 13:35:20 UTC 2025
Thu Apr 17 13:33:52 UTC 2025
Fri Apr 18 13:15:35 UTC 2025
Sat Apr 19 13:02:40 UTC 2025
Sun Apr 20 13:14:07 UTC 2025
Mon Apr 21 13:17:36 UTC 2025
Tue Apr 22 13:35:07 UTC 2025
Wed Apr 23 13:36:10 UTC 2025
Thu Apr 24 13:36:44 UTC 2025
Fri Apr 25 13:33:35 UTC 2025
Sat Apr 26 13:04:16 UTC 2025
Sun Apr 27 13:04:44 UTC 2025
Mon Apr 28 13:50:19 UTC 2025
Tue Apr 29 13:44:27 UTC 2025
Wed Apr 30 13:35:13 UTC 2025
Thu May  1 13:17:59 UTC 2025
Fri May  2 13:34:09 UTC 2025
Sat May  3 13:13:13 UTC 2025
Sun May  4 13:14:18 UTC 2025
Mon May  5 13:36:42 UTC 2025
Tue May  6 13:41:13 UTC 2025
Wed May  7 13:43:04 UTC 2025
Thu May  8 13:35:33 UTC 2025
Fri May  9 12:40:05 UTC 2025
Sat May 10 12:36:50 UTC 2025
Sun May 11 12:36:54 UTC 2025
Mon May 12 12:42:41 UTC 2025
Tue May 13 12:42:52 UTC 2025
Wed May 14 12:41:26 UTC 2025
Thu May 15 12:41:36 UTC 2025
Fri May 16 12:41:30 UTC 2025
